#
# There is insufficient memory for the Java Runtime Environment to continue.
# Native memory allocation (mmap) failed to map 30932992 bytes for committing reserved memory.
# Possible reasons:
#   The system is out of physical RAM or swap space
#   In 32 bit mode, the process size limit was hit
# Possible solutions:
#   Reduce memory load on the system
#   Increase physical memory or swap space
#   Check if swap backing store is full
#   Use 64 bit Java on a 64 bit OS
#   Decrease Java heap size (-Xmx/-Xms)
#   Decrease number of Java threads
#   Decrease Java thread stack sizes (-Xss)
#   Set larger code cache with -XX:ReservedCodeCacheSize=
# This output file may be truncated or incomplete.
#
#  Out of Memory Error (os_linux.cpp:2640), pid=9399, tid=0x00007f1cf44b4700
#
# JRE version: Java(TM) SE Runtime Environment (8.0_171-b11) (build 1.8.0_171-b11)
# Java VM: Java HotSpot(TM) 64-Bit Server VM (25.171-b11 mixed mode linux-amd64 compressed oops)
# Failed to write core dump. Core dumps have been disabled. To enable core dumping, try "ulimit -c unlimited" before starting Java again
#

---------------  T H R E A D  ---------------

Current thread (0x00007f1d08145000):  VMThread [stack: 0x00007f1cf43b5000,0x00007f1cf44b5000] [id=9405]

Stack: [0x00007f1cf43b5000,0x00007f1cf44b5000],  sp=0x00007f1cf44b31a0,  free space=1016k
Native frames: (J=compiled Java code, j=interpreted, Vv=VM code, C=native code)
V  [libjvm.so+0xacfffa]  VMError::report_and_die()+0x2ba
V  [libjvm.so+0x5005cb]  report_vm_out_of_memory(char const*, int, unsigned long, VMErrorType, char const*)+0x8b
V  [libjvm.so+0x92dd93]  os::Linux::commit_memory_impl(char*, unsigned long, bool)+0x123
V  [libjvm.so+0x92dfb9]  os::pd_commit_memory(char*, unsigned long, unsigned long, bool)+0x29
V  [libjvm.so+0x92527a]  os::commit_memory(char*, unsigned long, unsigned long, bool)+0x2a
V  [libjvm.so+0x99b223]  PSVirtualSpace::expand_by(unsigned long)+0x53
V  [libjvm.so+0x98bae0]  PSOldGen::expand(unsigned long)+0x170
V  [libjvm.so+0x98bceb]  PSOldGen::resize(unsigned long)+0x1cb
V  [libjvm.so+0x9939f1]  PSParallelCompact::invoke_no_policy(bool)+0x991
V  [libjvm.so+0x993ce3]  PSParallelCompact::invoke(bool)+0x63
V  [libjvm.so+0x487124]  CollectedHeap::collect_as_vm_thread(GCCause::Cause)+0x114
V  [libjvm.so+0xad1481]  VM_CollectForMetadataAllocation::doit()+0x161
V  [libjvm.so+0xad9595]  VM_Operation::evaluate()+0x55
V  [libjvm.so+0xad795a]  VMThread::evaluate_operation(VM_Operation*)+0xba
V  [libjvm.so+0xad7cde]  VMThread::loop()+0x1ce
V  [libjvm.so+0xad8150]  VMThread::run()+0x70
V  [libjvm.so+0x92e0f8]  java_start(Thread*)+0x108

VM_Operation (0x00007f1d0ec5e960): CollectForMetadataAllocation, mode: safepoint, requested by thread 0x00007f1d08010000


---------------  P R O C E S S  ---------------

Java Threads: ( => current thread )
  0x00007f1c8c001000 JavaThread "HikariPool-1 connection adder" daemon [_thread_blocked, id=9474, stack(0x00007f1cec3eb000,0x00007f1cec4ec000)]
  0x00007f1d08bbc800 JavaThread "HikariPool-1 housekeeper" daemon [_thread_blocked, id=9473, stack(0x00007f1cec4ec000,0x00007f1cec5ed000)]
  0x00007f1d085ef000 JavaThread "Abandoned connection cleanup thread" daemon [_thread_blocked, id=9471, stack(0x00007f1cec7ed000,0x00007f1cec8ee000)]
  0x00007f1d08491000 JavaThread "container-0" [_thread_blocked, id=9470, stack(0x00007f1cec8ee000,0x00007f1cec9ef000)]
  0x00007f1d0848e800 JavaThread "ContainerBackgroundProcessor[StandardEngine[Tomcat]]" daemon [_thread_blocked, id=9469, stack(0x00007f1cedc89000,0x00007f1cedd8a000)]
  0x00007f1cb0001000 JavaThread "RMI TCP Connection(2)-127.0.0.1" daemon [_thread_blocked, id=9440, stack(0x00007f1cedeb1000,0x00007f1cedfb2000)]
  0x00007f1ca0007800 JavaThread "RMI Scheduler(0)" daemon [_thread_blocked, id=9438, stack(0x00007f1cedfb2000,0x00007f1cee0b3000)]
  0x00007f1cb4001800 JavaThread "RMI TCP Connection(1)-127.0.0.1" daemon [_thread_blocked, id=9437, stack(0x00007f1cee0b3000,0x00007f1cee1b4000)]
  0x00007f1d0858a000 JavaThread "RMI TCP Accept-0" daemon [_thread_in_native, id=9435, stack(0x00007f1cee4b5000,0x00007f1cee5b6000)]
  0x00007f1d08580000 JavaThread "RMI TCP Accept-45619" daemon [_thread_in_native, id=9434, stack(0x00007f1cee5b6000,0x00007f1cee6b7000)]
  0x00007f1d0856a000 JavaThread "RMI TCP Accept-0" daemon [_thread_in_native, id=9433, stack(0x00007f1cee6b7000,0x00007f1cee7b8000)]
  0x00007f1d08499000 JavaThread "Service Thread" daemon [_thread_blocked, id=9432, stack(0x00007f1ceebd7000,0x00007f1ceecd8000)]
  0x00007f1d0848c000 JavaThread "C1 CompilerThread2" daemon [_thread_blocked, id=9431, stack(0x00007f1ceeef0000,0x00007f1ceeff0000)]
  0x00007f1d0848a000 JavaThread "C2 CompilerThread1" daemon [_thread_blocked, id=9430, stack(0x00007f1ceeff1000,0x00007f1cef0f1000)]
  0x00007f1d08488000 JavaThread "C2 CompilerThread0" daemon [_thread_blocked, id=9429, stack(0x00007f1cef0f2000,0x00007f1cef1f2000)]
  0x00007f1d08185000 JavaThread "Signal Dispatcher" daemon [_thread_blocked, id=9425, stack(0x00007f1cf40b1000,0x00007f1cf41b2000)]
  0x00007f1d08151000 JavaThread "Finalizer" daemon [_thread_blocked, id=9415, stack(0x00007f1cf41b2000,0x00007f1cf42b3000)]
  0x00007f1d0814c800 JavaThread "Reference Handler" daemon [_thread_blocked, id=9414, stack(0x00007f1cf42b3000,0x00007f1cf43b4000)]
  0x00007f1d08010000 JavaThread "main" [_thread_blocked, id=9400, stack(0x00007f1d0eb64000,0x00007f1d0ec64000)]

Other Threads:
=>0x00007f1d08145000 VMThread [stack: 0x00007f1cf43b5000,0x00007f1cf44b5000] [id=9405]
  0x00007f1d08588800 WatcherThread [stack: 0x00007f1cee3b5000,0x00007f1cee4b5000] [id=9436]

VM state:at safepoint (normal execution)

VM Mutex/Monitor currently owned by a thread:  ([mutex/lock_event])
[0x00007f1d0800bc80] ExpandHeap_lock - owner thread: 0x00007f1d08145000
[0x00007f1d0800c300] Threads_lock - owner thread: 0x00007f1d08145000
[0x00007f1d0800c800] Heap_lock - owner thread: 0x00007f1d08010000

Heap:
 PSYoungGen      total 103424K, used 0K [0x00000000eb700000, 0x00000000f3480000, 0x0000000100000000)
  eden space 91648K, 0% used [0x00000000eb700000,0x00000000eb700000,0x00000000f1080000)
  from space 11776K, 0% used [0x00000000f1c80000,0x00000000f1c80000,0x00000000f2800000)
  to   space 12288K, 0% used [0x00000000f1080000,0x00000000f1080000,0x00000000f1c80000)
 ParOldGen       total 33792K, used 20913K [0x00000000c2400000, 0x00000000c4500000, 0x00000000eb700000)
  object space 33792K, 61% used [0x00000000c2400000,0x00000000c386c608,0x00000000c4500000)
 Metaspace       used 33905K, capacity 35356K, committed 35496K, reserved 1079296K
  class space    used 4450K, capacity 4745K, committed 4776K, reserved 1048576K

Card table byte_map: [0x00007f1cf8409000,0x00007f1cf85f8000] byte_map_base: 0x00007f1cf7df7000

Marking Bits: (ParMarkBitMap*) 0x00007f1d0dffe280
 Begin Bits: [0x00007f1cf5fdb000, 0x00007f1cf6f4b000)
 End Bits:   [0x00007f1cf6f4b000, 0x00007f1cf7ebb000)

Polling page: 0x00007f1d0ec7b000

CodeCache: size=245760Kb used=6477Kb max_used=6477Kb free=239283Kb
 bounds [0x00007f1cf89b8000, 0x00007f1cf9018000, 0x00007f1d079b8000]
 total_blobs=3591 nmethods=3122 adapters=381
 compilation: enabled

Compilation events (10 events):
Event: 24,267 Thread 0x00007f1d0848c000 nmethod 3144 0x00007f1cf9006a90 code [0x00007f1cf9006c00, 0x00007f1cf9006d90]
Event: 24,267 Thread 0x00007f1d0848c000 3145       1       java.nio.Buffer::remaining (10 bytes)
Event: 24,267 Thread 0x00007f1d0848c000 nmethod 3145 0x00007f1cf9006e10 code [0x00007f1cf9006f60, 0x00007f1cf9007070]
Event: 24,268 Thread 0x00007f1d0848c000 3146       1       sun.nio.cs.UTF_8$Encoder::encodeArrayLoop (489 bytes)
Event: 24,269 Thread 0x00007f1d0848c000 nmethod 3146 0x00007f1cf90070d0 code [0x00007f1cf90074a0, 0x00007f1cf9008528]
Event: 24,269 Thread 0x00007f1d0848c000 3147       1       com.mysql.jdbc.MysqlIO::readFully (91 bytes)
Event: 24,270 Thread 0x00007f1d0848c000 nmethod 3147 0x00007f1cf900a010 code [0x00007f1cf900a220, 0x00007f1cf900aa38]
Event: 24,270 Thread 0x00007f1d0848c000 3148  s    1       com.mysql.jdbc.util.ReadAheadInputStream::read (105 bytes)
Event: 24,270 Thread 0x00007f1d0848c000 nmethod 3148 0x00007f1cf900b2d0 code [0x00007f1cf900b480, 0x00007f1cf900b998]
Event: 24,270 Thread 0x00007f1d0848c000 3149       1       com.mysql.jdbc.Field::getSQLType (5 bytes)

GC Heap History (10 events):
Event: 3,088 GC heap after
Heap after GC invocations=9 (full 1):
 PSYoungGen      total 69120K, used 0K [0x00000000eb700000, 0x00000000f0200000, 0x0000000100000000)
  eden space 62976K, 0% used [0x00000000eb700000,0x00000000eb700000,0x00000000ef480000)
  from space 6144K, 0% used [0x00000000efb00000,0x00000000efb00000,0x00000000f0100000)
  to   space 6656K, 0% used [0x00000000ef480000,0x00000000ef480000,0x00000000efb00000)
 ParOldGen       total 33792K, used 5694K [0x00000000c2400000, 0x00000000c4500000, 0x00000000eb700000)
  object space 33792K, 16% used [0x00000000c2400000,0x00000000c298f840,0x00000000c4500000)
 Metaspace       used 20640K, capacity 21270K, committed 21296K, reserved 1067008K
  class space    used 2754K, capacity 2934K, committed 2944K, reserved 1048576K
}
Event: 3,355 GC heap before
{Heap before GC invocations=10 (full 1):
 PSYoungGen      total 69120K, used 62976K [0x00000000eb700000, 0x00000000f0200000, 0x0000000100000000)
  eden space 62976K, 100% used [0x00000000eb700000,0x00000000ef480000,0x00000000ef480000)
  from space 6144K, 0% used [0x00000000efb00000,0x00000000efb00000,0x00000000f0100000)
  to   space 6656K, 0% used [0x00000000ef480000,0x00000000ef480000,0x00000000efb00000)
 ParOldGen       total 33792K, used 5694K [0x00000000c2400000, 0x00000000c4500000, 0x00000000eb700000)
  object space 33792K, 16% used [0x00000000c2400000,0x00000000c298f840,0x00000000c4500000)
 Metaspace       used 22855K, capacity 23606K, committed 23808K, reserved 1069056K
  class space    used 3045K, capacity 3266K, committed 3328K, reserved 1048576K
Event: 3,359 GC heap after
Heap after GC invocations=10 (full 1):
 PSYoungGen      total 69632K, used 6306K [0x00000000eb700000, 0x00000000f1000000, 0x0000000100000000)
  eden space 62976K, 0% used [0x00000000eb700000,0x00000000eb700000,0x00000000ef480000)
  from space 6656K, 94% used [0x00000000ef480000,0x00000000efaa8b30,0x00000000efb00000)
  to   space 7168K, 0% used [0x00000000f0900000,0x00000000f0900000,0x00000000f1000000)
 ParOldGen       total 33792K, used 5766K [0x00000000c2400000, 0x00000000c4500000, 0x00000000eb700000)
  object space 33792K, 17% used [0x00000000c2400000,0x00000000c29a1850,0x00000000c4500000)
 Metaspace       used 22855K, capacity 23606K, committed 23808K, reserved 1069056K
  class space    used 3045K, capacity 3266K, committed 3328K, reserved 1048576K
}
Event: 4,625 GC heap before
{Heap before GC invocations=11 (full 1):
 PSYoungGen      total 69632K, used 69282K [0x00000000eb700000, 0x00000000f1000000, 0x0000000100000000)
  eden space 62976K, 100% used [0x00000000eb700000,0x00000000ef480000,0x00000000ef480000)
  from space 6656K, 94% used [0x00000000ef480000,0x00000000efaa8b30,0x00000000efb00000)
  to   space 7168K, 0% used [0x00000000f0900000,0x00000000f0900000,0x00000000f1000000)
 ParOldGen       total 33792K, used 5766K [0x00000000c2400000, 0x00000000c4500000, 0x00000000eb700000)
  object space 33792K, 17% used [0x00000000c2400000,0x00000000c29a1850,0x00000000c4500000)
 Metaspace       used 26334K, capacity 27414K, committed 27648K, reserved 1073152K
  class space    used 3568K, capacity 3808K, committed 3840K, reserved 1048576K
Event: 4,870 GC heap after
Heap after GC invocations=11 (full 1):
 PSYoungGen      total 81920K, used 7138K [0x00000000eb700000, 0x00000000f1300000, 0x0000000100000000)
  eden space 74752K, 0% used [0x00000000eb700000,0x00000000eb700000,0x00000000f0000000)
  from space 7168K, 99% used [0x00000000f0900000,0x00000000f0ff8878,0x00000000f1000000)
  to   space 9216K, 0% used [0x00000000f0000000,0x00000000f0000000,0x00000000f0900000)
 ParOldGen       total 33792K, used 9480K [0x00000000c2400000, 0x00000000c4500000, 0x00000000eb700000)
  object space 33792K, 28% used [0x00000000c2400000,0x00000000c2d421f8,0x00000000c4500000)
 Metaspace       used 26334K, capacity 27414K, committed 27648K, reserved 1073152K
  class space    used 3568K, capacity 3808K, committed 3840K, reserved 1048576K
}
Event: 8,511 GC heap before
{Heap before GC invocations=12 (full 1):
 PSYoungGen      total 81920K, used 81876K [0x00000000eb700000, 0x00000000f1300000, 0x0000000100000000)
  eden space 74752K, 99% used [0x00000000eb700000,0x00000000efffcb00,0x00000000f0000000)
  from space 7168K, 99% used [0x00000000f0900000,0x00000000f0ff8878,0x00000000f1000000)
  to   space 9216K, 0% used [0x00000000f0000000,0x00000000f0000000,0x00000000f0900000)
 ParOldGen       total 33792K, used 9480K [0x00000000c2400000, 0x00000000c4500000, 0x00000000eb700000)
  object space 33792K, 28% used [0x00000000c2400000,0x00000000c2d421f8,0x00000000c4500000)
 Metaspace       used 29150K, capacity 30672K, committed 30976K, reserved 1075200K
  class space    used 3924K, capacity 4237K, committed 4352K, reserved 1048576K
Event: 8,741 GC heap after
Heap after GC invocations=12 (full 1):
 PSYoungGen      total 83968K, used 9197K [0x00000000eb700000, 0x00000000f2800000, 0x0000000100000000)
  eden space 74752K, 0% used [0x00000000eb700000,0x00000000eb700000,0x00000000f0000000)
  from space 9216K, 99% used [0x00000000f0000000,0x00000000f08fb488,0x00000000f0900000)
  to   space 11776K, 0% used [0x00000000f1c80000,0x00000000f1c80000,0x00000000f2800000)
 ParOldGen       total 33792K, used 12258K [0x00000000c2400000, 0x00000000c4500000, 0x00000000eb700000)
  object space 33792K, 36% used [0x00000000c2400000,0x00000000c2ff8890,0x00000000c4500000)
 Metaspace       used 29150K, capacity 30672K, committed 30976K, reserved 1075200K
  class space    used 3924K, capacity 4237K, committed 4352K, reserved 1048576K
}
Event: 24,766 GC heap before
{Heap before GC invocations=13 (full 1):
 PSYoungGen      total 83968K, used 78245K [0x00000000eb700000, 0x00000000f2800000, 0x0000000100000000)
  eden space 74752K, 92% used [0x00000000eb700000,0x00000000efa6e070,0x00000000f0000000)
  from space 9216K, 99% used [0x00000000f0000000,0x00000000f08fb488,0x00000000f0900000)
  to   space 11776K, 0% used [0x00000000f1c80000,0x00000000f1c80000,0x00000000f2800000)
 ParOldGen       total 33792K, used 12258K [0x00000000c2400000, 0x00000000c4500000, 0x00000000eb700000)
  object space 33792K, 36% used [0x00000000c2400000,0x00000000c2ff8890,0x00000000c4500000)
 Metaspace       used 33905K, capacity 35356K, committed 35496K, reserved 1079296K
  class space    used 4450K, capacity 4745K, committed 4776K, reserved 1048576K
Event: 33,294 GC heap after
Heap after GC invocations=13 (full 1):
 PSYoungGen      total 103424K, used 8454K [0x00000000eb700000, 0x00000000f3480000, 0x0000000100000000)
  eden space 91648K, 0% used [0x00000000eb700000,0x00000000eb700000,0x00000000f1080000)
  from space 11776K, 71% used [0x00000000f1c80000,0x00000000f24c18e8,0x00000000f2800000)
  to   space 12288K, 0% used [0x00000000f1080000,0x00000000f1080000,0x00000000f1c80000)
 ParOldGen       total 33792K, used 18511K [0x00000000c2400000, 0x00000000c4500000, 0x00000000eb700000)
  object space 33792K, 54% used [0x00000000c2400000,0x00000000c3613da0,0x00000000c4500000)
 Metaspace       used 33905K, capacity 35356K, committed 35496K, reserved 1079296K
  class space    used 4450K, capacity 4745K, committed 4776K, reserved 1048576K
}
Event: 33,521 GC heap before
{Heap before GC invocations=14 (full 2):
 PSYoungGen      total 103424K, used 8454K [0x00000000eb700000, 0x00000000f3480000, 0x0000000100000000)
  eden space 91648K, 0% used [0x00000000eb700000,0x00000000eb700000,0x00000000f1080000)
  from space 11776K, 71% used [0x00000000f1c80000,0x00000000f24c18e8,0x00000000f2800000)
  to   space 12288K, 0% used [0x00000000f1080000,0x00000000f1080000,0x00000000f1c80000)
 ParOldGen       total 33792K, used 18511K [0x00000000c2400000, 0x00000000c4500000, 0x00000000eb700000)
  object space 33792K, 54% used [0x00000000c2400000,0x00000000c3613da0,0x00000000c4500000)
 Metaspace       used 33905K, capacity 35356K, committed 35496K, reserved 1079296K
  class space    used 4450K, capacity 4745K, committed 4776K, reserved 1048576K

Deoptimization events (0 events):
No events

Classes redefined (0 events):
No events

Internal exceptions (10 events):
Event: 23,510 Thread 0x00007f1d08010000 Exception <a 'java/lang/ArrayIndexOutOfBoundsException'> (0x00000000ef330f18) thrown at [/HUDSON/workspace/8-2-build-linux-amd64/jdk8u171/10807/hotspot/src/share/vm/runtime/sharedRuntime.cpp, line 605]
Event: 23,510 Thread 0x00007f1d08010000 Exception <a 'java/lang/ArrayIndexOutOfBoundsException'> (0x00000000ef3325a8) thrown at [/HUDSON/workspace/8-2-build-linux-amd64/jdk8u171/10807/hotspot/src/share/vm/runtime/sharedRuntime.cpp, line 605]
Event: 23,511 Thread 0x00007f1d08010000 Exception <a 'java/lang/ClassNotFoundException': org/springframework/beans/factory/BeanClassLoaderAwareCustomizer> (0x00000000ef34a540) thrown at [/HUDSON/workspace/8-2-build-linux-amd64/jdk8u171/10807/hotspot/src/share/vm/classfile/systemDictionary.cpp, 
Event: 23,511 Thread 0x00007f1d08010000 Exception <a 'java/lang/ClassNotFoundException': org/springframework/beans/factory/BeanFactoryAwareCustomizer> (0x00000000ef35f258) thrown at [/HUDSON/workspace/8-2-build-linux-amd64/jdk8u171/10807/hotspot/src/share/vm/classfile/systemDictionary.cpp, line
Event: 23,511 Thread 0x00007f1d08010000 Exception <a 'java/lang/ClassNotFoundException': org/springframework/beans/factory/BeanNameAwareCustomizer> (0x00000000ef373748) thrown at [/HUDSON/workspace/8-2-build-linux-amd64/jdk8u171/10807/hotspot/src/share/vm/classfile/systemDictionary.cpp, line 21
Event: 23,523 Thread 0x00007f1d08010000 Exception <a 'java/lang/ClassNotFoundException': org/springframework/beans/factory/InitializingBeanCustomizer> (0x00000000ef388378) thrown at [/HUDSON/workspace/8-2-build-linux-amd64/jdk8u171/10807/hotspot/src/share/vm/classfile/systemDictionary.cpp, line
Event: 23,525 Thread 0x00007f1d08010000 Exception <a 'java/lang/ClassNotFoundException': org/springframework/beans/factory/DisposableBeanCustomizer> (0x00000000ef39bac8) thrown at [/HUDSON/workspace/8-2-build-linux-amd64/jdk8u171/10807/hotspot/src/share/vm/classfile/systemDictionary.cpp, line 2
Event: 23,525 Thread 0x00007f1d08010000 Exception <a 'java/lang/ClassNotFoundException': org/springframework/orm/jpa/EntityManagerFactoryInfoCustomizer> (0x00000000ef3b0758) thrown at [/HUDSON/workspace/8-2-build-linux-amd64/jdk8u171/10807/hotspot/src/share/vm/classfile/systemDictionary.cpp, li
Event: 23,525 Thread 0x00007f1d08010000 Exception <a 'java/lang/ArrayIndexOutOfBoundsException'> (0x00000000ef3b2b58) thrown at [/HUDSON/workspace/8-2-build-linux-amd64/jdk8u171/10807/hotspot/src/share/vm/runtime/sharedRuntime.cpp, line 605]
Event: 23,526 Thread 0x00007f1d08010000 Exception <a 'java/lang/ClassNotFoundException': org/springframework/dao/support/PersistenceExceptionTranslatorCustomizer> (0x00000000ef3d41d0) thrown at [/HUDSON/workspace/8-2-build-linux-amd64/jdk8u171/10807/hotspot/src/share/vm/classfile/systemDictiona

Events (10 events):
Event: 24,194 loading class org/hibernate/dialect/H2Dialect done
Event: 24,198 loading class org/hibernate/dialect/HANAColumnStoreDialect
Event: 24,198 loading class org/hibernate/dialect/HANAColumnStoreDialect done
Event: 24,199 loading class org/hibernate/dialect/AbstractHANADialect
Event: 24,199 loading class org/hibernate/dialect/AbstractHANADialect done
Event: 24,200 loading class org/hibernate/dialect/HANARowStoreDialect
Event: 24,200 loading class org/hibernate/dialect/HANARowStoreDialect done
Event: 24,327 loading class org/hibernate/dialect/HSQLDialect
Event: 24,327 loading class org/hibernate/dialect/HSQLDialect done
Event: 24,373 Executing VM operation: CollectForMetadataAllocation


Dynamic libraries:
00400000-00401000 r-xp 00000000 08:01 2629099                            /usr/lib/jvm/java-8-oracle/bin/java
00600000-00601000 rw-p 00000000 08:01 2629099                            /usr/lib/jvm/java-8-oracle/bin/java
01ce7000-01d08000 rw-p 00000000 00:00 0                                  [heap]
c2400000-c4500000 rw-p 00000000 00:00 0 
c6280000-eb700000 ---p 00000000 00:00 0 
eb700000-f3480000 rw-p 00000000 00:00 0 
f3480000-100000000 ---p 00000000 00:00 0 
100000000-1004aa000 rw-p 00000000 00:00 0 
1004aa000-140000000 ---p 00000000 00:00 0 
7f1c80000000-7f1c80021000 rw-p 00000000 00:00 0 
7f1c80021000-7f1c84000000 ---p 00000000 00:00 0 
7f1c88000000-7f1c88021000 rw-p 00000000 00:00 0 
7f1c88021000-7f1c8c000000 ---p 00000000 00:00 0 
7f1c8c000000-7f1c8c021000 rw-p 00000000 00:00 0 
7f1c8c021000-7f1c90000000 ---p 00000000 00:00 0 
7f1c90000000-7f1c90021000 rw-p 00000000 00:00 0 
7f1c90021000-7f1c94000000 ---p 00000000 00:00 0 
7f1c94000000-7f1c94021000 rw-p 00000000 00:00 0 
7f1c94021000-7f1c98000000 ---p 00000000 00:00 0 
7f1c98000000-7f1c982a1000 rw-p 00000000 00:00 0 
7f1c982a1000-7f1c9c000000 ---p 00000000 00:00 0 
7f1c9c000000-7f1c9c338000 rw-p 00000000 00:00 0 
7f1c9c338000-7f1ca0000000 ---p 00000000 00:00 0 
7f1ca0000000-7f1ca0021000 rw-p 00000000 00:00 0 
7f1ca0021000-7f1ca4000000 ---p 00000000 00:00 0 
7f1ca4000000-7f1ca4021000 rw-p 00000000 00:00 0 
7f1ca4021000-7f1ca8000000 ---p 00000000 00:00 0 
7f1ca8000000-7f1ca8021000 rw-p 00000000 00:00 0 
7f1ca8021000-7f1cac000000 ---p 00000000 00:00 0 
7f1cac000000-7f1cac021000 rw-p 00000000 00:00 0 
7f1cac021000-7f1cb0000000 ---p 00000000 00:00 0 
7f1cb0000000-7f1cb0021000 rw-p 00000000 00:00 0 
7f1cb0021000-7f1cb4000000 ---p 00000000 00:00 0 
7f1cb4000000-7f1cb4021000 rw-p 00000000 00:00 0 
7f1cb4021000-7f1cb8000000 ---p 00000000 00:00 0 
7f1cb8000000-7f1cb85e7000 rw-p 00000000 00:00 0 
7f1cb85e7000-7f1cbc000000 ---p 00000000 00:00 0 
7f1cbc000000-7f1cbc021000 rw-p 00000000 00:00 0 
7f1cbc021000-7f1cc0000000 ---p 00000000 00:00 0 
7f1cc0000000-7f1cc004e000 rw-p 00000000 00:00 0 
7f1cc004e000-7f1cc4000000 ---p 00000000 00:00 0 
7f1cc4000000-7f1cc4021000 rw-p 00000000 00:00 0 
7f1cc4021000-7f1cc8000000 ---p 00000000 00:00 0 
7f1cc8000000-7f1cc8021000 rw-p 00000000 00:00 0 
7f1cc8021000-7f1ccc000000 ---p 00000000 00:00 0 
7f1ccc000000-7f1ccc021000 rw-p 00000000 00:00 0 
7f1ccc021000-7f1cd0000000 ---p 00000000 00:00 0 
7f1cd0000000-7f1cd0021000 rw-p 00000000 00:00 0 
7f1cd0021000-7f1cd4000000 ---p 00000000 00:00 0 
7f1cd4000000-7f1cd4021000 rw-p 00000000 00:00 0 
7f1cd4021000-7f1cd8000000 ---p 00000000 00:00 0 
7f1cd8000000-7f1cd8021000 rw-p 00000000 00:00 0 
7f1cd8021000-7f1cdc000000 ---p 00000000 00:00 0 
7f1cdc000000-7f1cdc290000 rw-p 00000000 00:00 0 
7f1cdc290000-7f1ce0000000 ---p 00000000 00:00 0 
7f1ce0000000-7f1ce0021000 rw-p 00000000 00:00 0 
7f1ce0021000-7f1ce4000000 ---p 00000000 00:00 0 
7f1ce4fff000-7f1ce8000000 rw-p 00000000 00:00 0 
7f1ce8000000-7f1ce8021000 rw-p 00000000 00:00 0 
7f1ce8021000-7f1cec000000 ---p 00000000 00:00 0 
7f1cec3eb000-7f1cec3ee000 ---p 00000000 00:00 0 
7f1cec3ee000-7f1cec4ec000 rw-p 00000000 00:00 0 
7f1cec4ec000-7f1cec4ef000 ---p 00000000 00:00 0 
7f1cec4ef000-7f1cec7ed000 rw-p 00000000 00:00 0 
7f1cec7ed000-7f1cec7f0000 ---p 00000000 00:00 0 
7f1cec7f0000-7f1cec8ee000 rw-p 00000000 00:00 0 
7f1cec8ee000-7f1cec8f1000 ---p 00000000 00:00 0 
7f1cec8f1000-7f1cecbef000 rw-p 00000000 00:00 0 
7f1cecbef000-7f1cecdef000 rw-p 00000000 00:00 0 
7f1cecdef000-7f1cecfef000 rw-p 00000000 00:00 0 
7f1cecfef000-7f1ced1ef000 rw-p 00000000 00:00 0 
7f1ced1ef000-7f1ced1f4000 r--s 002f9000 08:01 2634331                    /usr/lib/jvm/java-8-oracle/jre/lib/charsets.jar
7f1ced1f4000-7f1ced3f4000 rw-p 00000000 00:00 0 
7f1ced3f4000-7f1ced5f4000 rw-p 00000000 00:00 0 
7f1ced5f4000-7f1ced7f4000 rw-p 00000000 00:00 0 
7f1ced7f4000-7f1ced9f4000 rw-p 00000000 00:00 0 
7f1ced9f4000-7f1ceda89000 r--s 0110b000 08:01 2634395                    /usr/lib/jvm/java-8-oracle/jre/lib/ext/jfxrt.jar
7f1ceda89000-7f1cedc89000 rw-p 00000000 00:00 0 
7f1cedc89000-7f1cedc8c000 ---p 00000000 00:00 0 
7f1cedc8c000-7f1cedd8a000 rw-p 00000000 00:00 0 
7f1cedd8a000-7f1cedd8d000 ---p 00000000 00:00 0 
7f1cedd8d000-7f1cede8b000 rw-p 00000000 00:00 0 
7f1cede8b000-7f1cede95000 r--s 00116000 08:01 2634401                    /usr/lib/jvm/java-8-oracle/jre/lib/ext/localedata.jar
7f1cede95000-7f1cedeb1000 r--s 00393000 08:01 2634394                    /usr/lib/jvm/java-8-oracle/jre/lib/ext/cldrdata.jar
7f1cedeb1000-7f1cedeb4000 ---p 00000000 00:00 0 
7f1cedeb4000-7f1cedfb2000 rw-p 00000000 00:00 0 
7f1cedfb2000-7f1cedfb5000 ---p 00000000 00:00 0 
7f1cedfb5000-7f1cee0b3000 rw-p 00000000 00:00 0 
7f1cee0b3000-7f1cee0b6000 ---p 00000000 00:00 0 
7f1cee0b6000-7f1cee3b4000 rw-p 00000000 00:00 0 
7f1cee3b4000-7f1cee3b5000 ---p 00000000 00:00 0 
7f1cee3b5000-7f1cee4b5000 rw-p 00000000 00:00 0 
7f1cee4b5000-7f1cee4b8000 ---p 00000000 00:00 0 
7f1cee4b8000-7f1cee5b6000 rw-p 00000000 00:00 0 
7f1cee5b6000-7f1cee5b9000 ---p 00000000 00:00 0 
7f1cee5b9000-7f1cee6b7000 rw-p 00000000 00:00 0 
7f1cee6b7000-7f1cee6ba000 ---p 00000000 00:00 0 
7f1cee6ba000-7f1cee7b8000 rw-p 00000000 00:00 0 
7f1cee7b8000-7f1cee7bd000 r--s 0009d000 08:01 2634390                    /usr/lib/jvm/java-8-oracle/jre/lib/jsse.jar
7f1cee7bd000-7f1cee7ce000 r-xp 00000000 08:01 2634552                    /usr/lib/jvm/java-8-oracle/jre/lib/amd64/libnio.so
7f1cee7ce000-7f1cee9cd000 ---p 00011000 08:01 2634552                    /usr/lib/jvm/java-8-oracle/jre/lib/amd64/libnio.so
7f1cee9cd000-7f1cee9ce000 rw-p 00010000 08:01 2634552                    /usr/lib/jvm/java-8-oracle/jre/lib/amd64/libnio.so
7f1cee9ce000-7f1cee9d7000 r-xp 00000000 08:01 2634557                    /usr/lib/jvm/java-8-oracle/jre/lib/amd64/libmanagement.so
7f1cee9d7000-7f1ceebd6000 ---p 00009000 08:01 2634557                    /usr/lib/jvm/java-8-oracle/jre/lib/amd64/libmanagement.so
7f1ceebd6000-7f1ceebd7000 rw-p 00008000 08:01 2634557                    /usr/lib/jvm/java-8-oracle/jre/lib/amd64/libmanagement.so
7f1ceebd7000-7f1ceebda000 ---p 00000000 00:00 0 
7f1ceebda000-7f1ceecd8000 rw-p 00000000 00:00 0 
7f1ceecd8000-7f1ceecee000 r-xp 00000000 08:01 2634549                    /usr/lib/jvm/java-8-oracle/jre/lib/amd64/libnet.so
7f1ceecee000-7f1ceeeee000 ---p 00016000 08:01 2634549                    /usr/lib/jvm/java-8-oracle/jre/lib/amd64/libnet.so
7f1ceeeee000-7f1ceeeef000 rw-p 00016000 08:01 2634549                    /usr/lib/jvm/java-8-oracle/jre/lib/amd64/libnet.so
7f1ceeeef000-7f1ceeef0000 ---p 00000000 00:00 0 
7f1ceeef0000-7f1ceeef3000 ---p 00000000 00:00 0 
7f1ceeef3000-7f1ceeff0000 rw-p 00000000 00:00 0 
7f1ceeff0000-7f1ceeff1000 ---p 00000000 00:00 0 
7f1ceeff1000-7f1ceeff4000 ---p 00000000 00:00 0 
7f1ceeff4000-7f1cef0f1000 rw-p 00000000 00:00 0 
7f1cef0f1000-7f1cef0f2000 ---p 00000000 00:00 0 
7f1cef0f2000-7f1cef0f5000 ---p 00000000 00:00 0 
7f1cef0f5000-7f1cef1f2000 rw-p 00000000 00:00 0 
7f1cef1f2000-7f1cef1f5000 ---p 00000000 00:00 0 
7f1cef1f5000-7f1cef2f3000 rw-p 00000000 00:00 0 
7f1cef2f3000-7f1cef2f5000 r--s 0001a000 08:01 404284                     /home/vladislav/Intellij/Idea/lib/idea_rt.jar
7f1cef2f5000-7f1cef2f7000 r--s 00004000 08:01 1707931                    /root/.m2/repository/org/springframework/spring-jcl/5.0.6.RELEASE/spring-jcl-5.0.6.RELEASE.jar
7f1cef2f7000-7f1cef30f000 r--s 00114000 08:01 1707897                    /root/.m2/repository/org/springframework/spring-core/5.0.6.RELEASE/spring-core-5.0.6.RELEASE.jar
7f1cef30f000-7f1cef319000 r--s 000ec000 08:01 1843760                    /root/.m2/repository/mysql/mysql-connector-java/5.1.46/mysql-connector-java-5.1.46.jar
7f1cef319000-7f1cef31e000 r--s 00040000 08:01 1707879                    /root/.m2/repository/org/springframework/spring-expression/5.0.6.RELEASE/spring-expression-5.0.6.RELEASE.jar
7f1cef31e000-7f1cef32d000 r--s 000b2000 08:01 1709413                    /root/.m2/repository/org/springframework/spring-webmvc/5.0.6.RELEASE/spring-webmvc-5.0.6.RELEASE.jar
7f1cef32d000-7f1cef347000 r--s 00119000 08:01 1709415                    /root/.m2/repository/org/springframework/spring-web/5.0.6.RELEASE/spring-web-5.0.6.RELEASE.jar
7f1cef347000-7f1cef34c000 r--s 00012000 08:01 1709437                    /root/.m2/repository/javax/validation/validation-api/2.0.1.Final/validation-api-2.0.1.Final.jar
7f1cef34c000-7f1cef369000 r--s 000f8000 08:01 1709420                    /root/.m2/repository/org/hibernate/validator/hibernate-validator/6.0.9.Final/hibernate-validator-6.0.9.Final.jar
7f1cef369000-7f1cef36e000 r--s 0003a000 08:01 1709434                    /root/.m2/repository/org/apache/tomcat/embed/tomcat-embed-websocket/8.5.31/tomcat-embed-websocket-8.5.31.jar
7f1cef36e000-7f1cef372000 r--s 00037000 08:01 1709427                    /root/.m2/repository/org/apache/tomcat/embed/tomcat-embed-el/8.5.31/tomcat-embed-el-8.5.31.jar
7f1cef372000-7f1cef39b000 r--s 002d0000 08:01 1709438                    /root/.m2/repository/org/apache/tomcat/embed/tomcat-embed-core/8.5.31/tomcat-embed-core-8.5.31.jar
7f1cef39b000-7f1cef39c000 r--s 00000000 08:01 1839551                    /root/.m2/repository/org/springframework/boot/spring-boot-starter-tomcat/2.0.2.RELEASE/spring-boot-starter-tomcat-2.0.2.RELEASE.jar
7f1cef39c000-7f1cef39e000 r--s 00001000 08:01 1709423                    /root/.m2/repository/com/fasterxml/jackson/module/jackson-module-parameter-names/2.9.5/jackson-module-parameter-names-2.9.5.jar
7f1cef39e000-7f1cef3a1000 r--s 00016000 08:01 1709424                    /root/.m2/repository/com/fasterxml/jackson/datatype/jackson-datatype-jsr310/2.9.5/jackson-datatype-jsr310-2.9.5.jar
7f1cef3a1000-7f1cef3a3000 r--s 00007000 08:01 1709422                    /root/.m2/repository/com/fasterxml/jackson/datatype/jackson-datatype-jdk8/2.9.5/jackson-datatype-jdk8-2.9.5.jar
7f1cef3a3000-7f1cef3a7000 r--s 0004b000 08:01 1709433                    /root/.m2/repository/com/fasterxml/jackson/core/jackson-core/2.9.5/jackson-core-2.9.5.jar
7f1cef3a7000-7f1cef3aa000 r--s 0000e000 08:01 1709428                    /root/.m2/repository/com/fasterxml/jackson/core/jackson-annotations/2.9.0/jackson-annotations-2.9.0.jar
7f1cef3aa000-7f1cef3bd000 r--s 00135000 08:01 1709431                    /root/.m2/repository/com/fasterxml/jackson/core/jackson-databind/2.9.5/jackson-databind-2.9.5.jar
7f1cef3bd000-7f1cef3be000 r--s 00000000 08:01 1839549                    /root/.m2/repository/org/springframework/boot/spring-boot-starter-json/2.0.2.RELEASE/spring-boot-starter-json-2.0.2.RELEASE.jar
7f1cef3be000-7f1cef3c0000 r--s 0000a000 08:01 1707888                    /root/.m2/repository/org/springframework/spring-aspects/5.0.6.RELEASE/spring-aspects-5.0.6.RELEASE.jar
7f1cef3c0000-7f1cef3c2000 r--s 00009000 08:01 1707884                    /root/.m2/repository/org/slf4j/slf4j-api/1.7.25/slf4j-api-1.7.25.jar
7f1cef3c2000-7f1cef3ce000 r--s 00096000 08:01 1707841                    /root/.m2/repository/org/springframework/spring-beans/5.0.6.RELEASE/spring-beans-5.0.6.RELEASE.jar
7f1cef3ce000-7f1cef3d6000 r--s 00037000 08:01 1707844                    /root/.m2/repository/org/springframework/spring-tx/5.0.6.RELEASE/spring-tx-5.0.6.RELEASE.jar
7f1cef3d6000-7f1cef3f0000 r--s 000f1000 08:01 1707881                    /root/.m2/repository/org/springframework/spring-context/5.0.6.RELEASE/spring-context-5.0.6.RELEASE.jar
7f1cef3f0000-7f1cef3f4000 r--s 0002b000 08:01 1707869                    /root/.m2/repository/org/springframework/spring-orm/5.0.6.RELEASE/spring-orm-5.0.6.RELEASE.jar
7f1cef3f4000-7f1cef40b000 r--s 000f0000 08:01 1707873                    /root/.m2/repository/org/springframework/data/spring-data-commons/2.0.7.RELEASE/spring-data-commons-2.0.7.RELEASE.jar
7f1cef40b000-7f1cef412000 r--s 0004b000 08:01 1707861                    /root/.m2/repository/org/springframework/data/spring-data-jpa/2.0.7.RELEASE/spring-data-jpa-2.0.7.RELEASE.jar
7f1cef412000-7f1cef414000 r--s 00006000 08:01 1707835                    /root/.m2/repository/javax/transaction/javax.transaction-api/1.2/javax.transaction-api-1.2.jar
7f1cef414000-7f1cef417000 r--s 00010000 08:01 1705639                    /root/.m2/repository/org/hibernate/common/hibernate-commons-annotations/5.0.1.Final/hibernate-commons-annotations-5.0.1.Final.jar
7f1cef417000-7f1cef41c000 r--s 00048000 08:01 1705635                    /root/.m2/repository/dom4j/dom4j/1.6.1/dom4j-1.6.1.jar
7f1cef41c000-7f1cef41e000 r--s 0000e000 08:01 1707883                    /root/.m2/repository/com/fasterxml/classmate/1.3.4/classmate-1.3.4.jar
7f1cef41e000-7f1cef423000 r--s 00068000 08:01 1705627                    /root/.m2/repository/antlr/antlr/2.7.7/antlr-2.7.7.jar
7f1cef423000-7f1cef42d000 r--s 000ab000 08:01 1705625                    /root/.m2/repository/org/javassist/javassist/3.22.0-GA/javassist-3.22.0-GA.jar
7f1cef42d000-7f1cef432000 r--s 00017000 08:01 1705623                    /root/.m2/repository/org/hibernate/javax/persistence/hibernate-jpa-2.1-api/1.0.0.Final/hibernate-jpa-2.1-api-1.0.0.Final.jar
7f1cef432000-7f1cef4b0000 r--s 005f0000 08:01 1579263                    /root/.m2/repository/org/hibernate/hibernate-core/5.2.17.Final/hibernate-core-5.2.17.Final.jar
7f1cef4b0000-7f1cef4b9000 r--s 00059000 08:01 1707882                    /root/.m2/repository/org/springframework/spring-jdbc/5.0.6.RELEASE/spring-jdbc-5.0.6.RELEASE.jar
7f1cef4b9000-7f1cf0000000 r--p 00000000 08:01 2628293                    /usr/lib/locale/locale-archive
7f1cf0000000-7f1cf0021000 rw-p 00000000 00:00 0 
7f1cf0021000-7f1cf4000000 ---p 00000000 00:00 0 
7f1cf4000000-7f1cf4001000 r--s 00000000 08:01 1710581                    /root/.m2/repository/org/springframework/boot/spring-boot-starter-web/2.0.2.RELEASE/spring-boot-starter-web-2.0.2.RELEASE.jar
7f1cf4001000-7f1cf4004000 r--s 0002b000 08:01 1705631                    /root/.m2/repository/org/jboss/jandex/2.0.3.Final/jandex-2.0.3.Final.jar
7f1cf4004000-7f1cf4006000 r--s 0000f000 08:01 1579480                    /root/.m2/repository/org/jboss/logging/jboss-logging/3.3.2.Final/jboss-logging-3.3.2.Final.jar
7f1cf4006000-7f1cf400a000 r--s 00020000 08:01 1707874                    /root/.m2/repository/com/zaxxer/HikariCP/2.7.9/HikariCP-2.7.9.jar
7f1cf400a000-7f1cf400b000 r--s 00000000 08:01 1707872                    /root/.m2/repository/org/springframework/boot/spring-boot-starter-jdbc/2.0.2.RELEASE/spring-boot-starter-jdbc-2.0.2.RELEASE.jar
7f1cf400b000-7f1cf4024000 r--s 001bf000 08:01 1707899                    /root/.m2/repository/org/aspectj/aspectjweaver/1.8.13/aspectjweaver-1.8.13.jar
7f1cf4024000-7f1cf402d000 r--s 00051000 08:01 1707848                    /root/.m2/repository/org/springframework/spring-aop/5.0.6.RELEASE/spring-aop-5.0.6.RELEASE.jar
7f1cf402d000-7f1cf402e000 r--s 00000000 08:01 1707867                    /root/.m2/repository/org/springframework/boot/spring-boot-starter-aop/2.0.2.RELEASE/spring-boot-starter-aop-2.0.2.RELEASE.jar
7f1cf402e000-7f1cf4035000 r--s 00042000 08:01 1707866                    /root/.m2/repository/org/yaml/snakeyaml/1.19/snakeyaml-1.19.jar
7f1cf4035000-7f1cf4037000 r--s 00005000 08:01 1707859                    /root/.m2/repository/javax/annotation/javax.annotation-api/1.3.2/javax.annotation-api-1.3.2.jar
7f1cf4037000-7f1cf4039000 r--s 00000000 08:01 1707856                    /root/.m2/repository/org/slf4j/jul-to-slf4j/1.7.25/jul-to-slf4j-1.7.25.jar
7f1cf4039000-7f1cf403f000 r--s 00039000 08:01 1707838                    /root/.m2/repository/org/apache/logging/log4j/log4j-api/2.10.0/log4j-api-2.10.0.jar
7f1cf403f000-7f1cf404a000 r--s 00069000 08:01 1707849                    /root/.m2/repository/ch/qos/logback/logback-core/1.2.3/logback-core-1.2.3.jar
7f1cf404a000-7f1cf4050000 r--s 00041000 08:01 1707847                    /root/.m2/repository/ch/qos/logback/logback-classic/1.2.3/logback-classic-1.2.3.jar
7f1cf4050000-7f1cf4071000 r--s 000fb000 08:01 1707903                    /root/.m2/repository/org/springframework/boot/spring-boot-autoconfigure/2.0.2.RELEASE/spring-boot-autoconfigure-2.0.2.RELEASE.jar
7f1cf4071000-7f1cf4086000 r--s 000ce000 08:01 1707871                    /root/.m2/repository/org/springframework/boot/spring-boot/2.0.2.RELEASE/spring-boot-2.0.2.RELEASE.jar
7f1cf4086000-7f1cf4099000 r--s 00345000 08:01 2634371                    /usr/lib/jvm/java-8-oracle/jre/lib/resources.jar
7f1cf4099000-7f1cf40ac000 r--s 000d6000 08:01 2631641                    /usr/lib/jvm/java-8-oracle/jre/lib/plugin.jar
7f1cf40ac000-7f1cf40b1000 r--s 0009d000 08:01 2634390                    /usr/lib/jvm/java-8-oracle/jre/lib/jsse.jar
7f1cf40b1000-7f1cf40b4000 ---p 00000000 00:00 0 
7f1cf40b4000-7f1cf41b2000 rw-p 00000000 00:00 0 
7f1cf41b2000-7f1cf41b5000 ---p 00000000 00:00 0 
7f1cf41b5000-7f1cf42b3000 rw-p 00000000 00:00 0 
7f1cf42b3000-7f1cf42b6000 ---p 00000000 00:00 0 
7f1cf42b6000-7f1cf43b4000 rw-p 00000000 00:00 0 
7f1cf43b4000-7f1cf43b5000 ---p 00000000 00:00 0 
7f1cf43b5000-7f1cf5413000 rw-p 00000000 00:00 0 
7f1cf5413000-7f1cf55ed000 r--s 03d68000 08:01 2634333                    /usr/lib/jvm/java-8-oracle/jre/lib/rt.jar
7f1cf55ed000-7f1cf7ebb000 rw-p 00000000 00:00 0 
7f1cf7ebb000-7f1cf7ebc000 ---p 00000000 00:00 0 
7f1cf7ebc000-7f1cf7fbc000 rw-p 00000000 00:00 0 
7f1cf7fbc000-7f1cf7fbd000 ---p 00000000 00:00 0 
7f1cf7fbd000-7f1cf80bd000 rw-p 00000000 00:00 0 
7f1cf80bd000-7f1cf80be000 ---p 00000000 00:00 0 
7f1cf80be000-7f1cf81be000 rw-p 00000000 00:00 0 
7f1cf81be000-7f1cf81bf000 ---p 00000000 00:00 0 
7f1cf81bf000-7f1cf82d0000 rw-p 00000000 00:00 0 
7f1cf82d0000-7f1cf8409000 ---p 00000000 00:00 0 
7f1cf8409000-7f1cf841a000 rw-p 00000000 00:00 0 
7f1cf841a000-7f1cf8552000 ---p 00000000 00:00 0 
7f1cf8552000-7f1cf8592000 rw-p 00000000 00:00 0 
7f1cf8592000-7f1cf85f7000 ---p 00000000 00:00 0 
7f1cf85f7000-7f1cf8612000 rw-p 00000000 00:00 0 
7f1cf8612000-7f1cf89b8000 ---p 00000000 00:00 0 
7f1cf89b8000-7f1cf9018000 rwxp 00000000 00:00 0 
7f1cf9018000-7f1d079b8000 ---p 00000000 00:00 0 
7f1d079b8000-7f1d079d3000 r-xp 00000000 08:01 2634545                    /usr/lib/jvm/java-8-oracle/jre/lib/amd64/libzip.so
7f1d079d3000-7f1d07bd3000 ---p 0001b000 08:01 2634545                    /usr/lib/jvm/java-8-oracle/jre/lib/amd64/libzip.so
7f1d07bd3000-7f1d07bd4000 rw-p 0001b000 08:01 2634545                    /usr/lib/jvm/java-8-oracle/jre/lib/amd64/libzip.so
7f1d07bd4000-7f1d07bdf000 r-xp 00000000 08:01 2233978                    /lib/x86_64-linux-gnu/libnss_files-2.27.so
7f1d07bdf000-7f1d07dde000 ---p 0000b000 08:01 2233978                    /lib/x86_64-linux-gnu/libnss_files-2.27.so
7f1d07dde000-7f1d07ddf000 r--p 0000a000 08:01 2233978                    /lib/x86_64-linux-gnu/libnss_files-2.27.so
7f1d07ddf000-7f1d07de0000 rw-p 0000b000 08:01 2233978                    /lib/x86_64-linux-gnu/libnss_files-2.27.so
7f1d07de0000-7f1d07de6000 rw-p 00000000 00:00 0 
7f1d07de6000-7f1d07dfd000 r-xp 00000000 08:01 2233972                    /lib/x86_64-linux-gnu/libnsl-2.27.so
7f1d07dfd000-7f1d07ffc000 ---p 00017000 08:01 2233972                    /lib/x86_64-linux-gnu/libnsl-2.27.so
7f1d07ffc000-7f1d07ffd000 r--p 00016000 08:01 2233972                    /lib/x86_64-linux-gnu/libnsl-2.27.so
7f1d07ffd000-7f1d07ffe000 rw-p 00017000 08:01 2233972                    /lib/x86_64-linux-gnu/libnsl-2.27.so
7f1d07ffe000-7f1d08000000 rw-p 00000000 00:00 0 
7f1d08000000-7f1d08ccf000 rw-p 00000000 00:00 0 
7f1d08ccf000-7f1d0c000000 ---p 00000000 00:00 0 
7f1d0c000000-7f1d0c002000 r--s 00003000 08:01 1707850                    /root/.m2/repository/org/apache/logging/log4j/log4j-to-slf4j/2.10.0/log4j-to-slf4j-2.10.0.jar
7f1d0c002000-7f1d0c003000 r--s 00000000 08:01 1707846                    /root/.m2/repository/org/springframework/boot/spring-boot-starter-logging/2.0.2.RELEASE/spring-boot-starter-logging-2.0.2.RELEASE.jar
7f1d0c003000-7f1d0c004000 r--s 00000000 08:01 1707890                    /root/.m2/repository/org/springframework/boot/spring-boot-starter/2.0.2.RELEASE/spring-boot-starter-2.0.2.RELEASE.jar
7f1d0c004000-7f1d0c009000 r--s 00084000 08:01 2629293                    /usr/lib/jvm/java-8-oracle/jre/lib/jfr.jar
7f1d0c009000-7f1d0c012000 r--s 0006d000 08:01 2629303                    /usr/lib/jvm/java-8-oracle/jre/lib/javaws.jar
7f1d0c012000-7f1d0c02d000 r--s 0020c000 08:01 2629294                    /usr/lib/jvm/java-8-oracle/jre/lib/deploy.jar
7f1d0c02d000-7f1d0c038000 r-xp 00000000 08:01 2233989                    /lib/x86_64-linux-gnu/libnss_nis-2.27.so
7f1d0c038000-7f1d0c237000 ---p 0000b000 08:01 2233989                    /lib/x86_64-linux-gnu/libnss_nis-2.27.so
7f1d0c237000-7f1d0c238000 r--p 0000a000 08:01 2233989                    /lib/x86_64-linux-gnu/libnss_nis-2.27.so
7f1d0c238000-7f1d0c239000 rw-p 0000b000 08:01 2233989                    /lib/x86_64-linux-gnu/libnss_nis-2.27.so
7f1d0c239000-7f1d0c241000 r-xp 00000000 08:01 2233974                    /lib/x86_64-linux-gnu/libnss_compat-2.27.so
7f1d0c241000-7f1d0c441000 ---p 00008000 08:01 2233974                    /lib/x86_64-linux-gnu/libnss_compat-2.27.so
7f1d0c441000-7f1d0c442000 r--p 00008000 08:01 2233974                    /lib/x86_64-linux-gnu/libnss_compat-2.27.so
7f1d0c442000-7f1d0c443000 rw-p 00009000 08:01 2233974                    /lib/x86_64-linux-gnu/libnss_compat-2.27.so
7f1d0c443000-7f1d0c44d000 r-xp 00000000 08:01 2634554                    /usr/lib/jvm/java-8-oracle/jre/lib/amd64/libinstrument.so
7f1d0c44d000-7f1d0c64c000 ---p 0000a000 08:01 2634554                    /usr/lib/jvm/java-8-oracle/jre/lib/amd64/libinstrument.so
7f1d0c64c000-7f1d0c64d000 rw-p 00009000 08:01 2634554                    /usr/lib/jvm/java-8-oracle/jre/lib/amd64/libinstrument.so
7f1d0c64d000-7f1d0c678000 r-xp 00000000 08:01 2634539                    /usr/lib/jvm/java-8-oracle/jre/lib/amd64/libjava.so
7f1d0c678000-7f1d0c877000 ---p 0002b000 08:01 2634539                    /usr/lib/jvm/java-8-oracle/jre/lib/amd64/libjava.so
7f1d0c877000-7f1d0c879000 rw-p 0002a000 08:01 2634539                    /usr/lib/jvm/java-8-oracle/jre/lib/amd64/libjava.so
7f1d0c879000-7f1d0c886000 r-xp 00000000 08:01 2634544                    /usr/lib/jvm/java-8-oracle/jre/lib/amd64/libverify.so
7f1d0c886000-7f1d0ca86000 ---p 0000d000 08:01 2634544                    /usr/lib/jvm/java-8-oracle/jre/lib/amd64/libverify.so
7f1d0ca86000-7f1d0ca88000 rw-p 0000d000 08:01 2634544                    /usr/lib/jvm/java-8-oracle/jre/lib/amd64/libverify.so
7f1d0ca88000-7f1d0ca8f000 r-xp 00000000 08:01 2234029                    /lib/x86_64-linux-gnu/librt-2.27.so
7f1d0ca8f000-7f1d0cc8e000 ---p 00007000 08:01 2234029                    /lib/x86_64-linux-gnu/librt-2.27.so
7f1d0cc8e000-7f1d0cc8f000 r--p 00006000 08:01 2234029                    /lib/x86_64-linux-gnu/librt-2.27.so
7f1d0cc8f000-7f1d0cc90000 rw-p 00007000 08:01 2234029                    /lib/x86_64-linux-gnu/librt-2.27.so
7f1d0cc90000-7f1d0ce2d000 r-xp 00000000 08:01 2233951                    /lib/x86_64-linux-gnu/libm-2.27.so
7f1d0ce2d000-7f1d0d02c000 ---p 0019d000 08:01 2233951                    /lib/x86_64-linux-gnu/libm-2.27.so
7f1d0d02c000-7f1d0d02d000 r--p 0019c000 08:01 2233951                    /lib/x86_64-linux-gnu/libm-2.27.so
7f1d0d02d000-7f1d0d02e000 rw-p 0019d000 08:01 2233951                    /lib/x86_64-linux-gnu/libm-2.27.so
7f1d0d02e000-7f1d0dd07000 r-xp 00000000 08:01 2634521                    /usr/lib/jvm/java-8-oracle/jre/lib/amd64/server/libjvm.so
7f1d0dd07000-7f1d0df06000 ---p 00cd9000 08:01 2634521                    /usr/lib/jvm/java-8-oracle/jre/lib/amd64/server/libjvm.so
7f1d0df06000-7f1d0dfe0000 rw-p 00cd8000 08:01 2634521                    /usr/lib/jvm/java-8-oracle/jre/lib/amd64/server/libjvm.so
7f1d0dfe0000-7f1d0e02b000 rw-p 00000000 00:00 0 
7f1d0e02b000-7f1d0e212000 r-xp 00000000 08:01 2233888                    /lib/x86_64-linux-gnu/libc-2.27.so
7f1d0e212000-7f1d0e412000 ---p 001e7000 08:01 2233888                    /lib/x86_64-linux-gnu/libc-2.27.so
7f1d0e412000-7f1d0e416000 r--p 001e7000 08:01 2233888                    /lib/x86_64-linux-gnu/libc-2.27.so
7f1d0e416000-7f1d0e418000 rw-p 001eb000 08:01 2233888                    /lib/x86_64-linux-gnu/libc-2.27.so
7f1d0e418000-7f1d0e41c000 rw-p 00000000 00:00 0 
7f1d0e41c000-7f1d0e41f000 r-xp 00000000 08:01 2233911                    /lib/x86_64-linux-gnu/libdl-2.27.so
7f1d0e41f000-7f1d0e61e000 ---p 00003000 08:01 2233911                    /lib/x86_64-linux-gnu/libdl-2.27.so
7f1d0e61e000-7f1d0e61f000 r--p 00002000 08:01 2233911                    /lib/x86_64-linux-gnu/libdl-2.27.so
7f1d0e61f000-7f1d0e620000 rw-p 00003000 08:01 2233911                    /lib/x86_64-linux-gnu/libdl-2.27.so
7f1d0e620000-7f1d0e636000 r-xp 00000000 08:01 2752811                    /usr/lib/jvm/java-8-oracle/lib/amd64/jli/libjli.so
7f1d0e636000-7f1d0e835000 ---p 00016000 08:01 2752811                    /usr/lib/jvm/java-8-oracle/lib/amd64/jli/libjli.so
7f1d0e835000-7f1d0e836000 rw-p 00015000 08:01 2752811                    /usr/lib/jvm/java-8-oracle/lib/amd64/jli/libjli.so
7f1d0e836000-7f1d0e850000 r-xp 00000000 08:01 2234021                    /lib/x86_64-linux-gnu/libpthread-2.27.so
7f1d0e850000-7f1d0ea4f000 ---p 0001a000 08:01 2234021                    /lib/x86_64-linux-gnu/libpthread-2.27.so
7f1d0ea4f000-7f1d0ea50000 r--p 00019000 08:01 2234021                    /lib/x86_64-linux-gnu/libpthread-2.27.so
7f1d0ea50000-7f1d0ea51000 rw-p 0001a000 08:01 2234021                    /lib/x86_64-linux-gnu/libpthread-2.27.so
7f1d0ea51000-7f1d0ea55000 rw-p 00000000 00:00 0 
7f1d0ea55000-7f1d0ea7c000 r-xp 00000000 08:01 2233860                    /lib/x86_64-linux-gnu/ld-2.27.so
7f1d0ea7c000-7f1d0ea7d000 r--s 00000000 08:01 1707831                    /root/.m2/repository/org/springframework/boot/spring-boot-starter-data-jpa/2.0.2.RELEASE/spring-boot-starter-data-jpa-2.0.2.RELEASE.jar
7f1d0ea7d000-7f1d0ea7e000 r--s 00000000 08:01 2629300                    /usr/lib/jvm/java-8-oracle/jre/lib/management-agent.jar
7f1d0ea7e000-7f1d0eb63000 rw-p 00000000 00:00 0 
7f1d0eb63000-7f1d0eb64000 ---p 00000000 00:00 0 
7f1d0eb64000-7f1d0eb67000 ---p 00000000 00:00 0 
7f1d0eb67000-7f1d0ec68000 rw-p 00000000 00:00 0 
7f1d0ec68000-7f1d0ec6a000 r--s 00007000 08:01 2634567                    /usr/lib/jvm/java-8-oracle/jre/lib/jfxswt.jar
7f1d0ec6a000-7f1d0ec6d000 r--s 0001a000 08:01 2634565                    /usr/lib/jvm/java-8-oracle/jre/lib/jce.jar
7f1d0ec6d000-7f1d0ec72000 r--s 002f9000 08:01 2634331                    /usr/lib/jvm/java-8-oracle/jre/lib/charsets.jar
7f1d0ec72000-7f1d0ec7a000 rw-s 00000000 08:01 922051                     /tmp/hsperfdata_root/9399
7f1d0ec7a000-7f1d0ec7b000 rw-p 00000000 00:00 0 
7f1d0ec7b000-7f1d0ec7c000 ---p 00000000 00:00 0 
7f1d0ec7c000-7f1d0ec7d000 r--p 00027000 08:01 2233860                    /lib/x86_64-linux-gnu/ld-2.27.so
7f1d0ec7d000-7f1d0ec7e000 rw-p 00028000 08:01 2233860                    /lib/x86_64-linux-gnu/ld-2.27.so
7f1d0ec7e000-7f1d0ec7f000 rw-p 00000000 00:00 0 
7ffe51a9e000-7ffe51ac1000 rw-p 00000000 00:00 0                          [stack]
7ffe51ac4000-7ffe51ac7000 r--p 00000000 00:00 0                          [vvar]
7ffe51ac7000-7ffe51ac9000 r-xp 00000000 00:00 0                          [vdso]
ffffffffff600000-ffffffffff601000 r-xp 00000000 00:00 0                  [vsyscall]

VM Arguments:
jvm_args: -XX:TieredStopAtLevel=1 -Xverify:none -Dspring.output.ansi.enabled=always -Dcom.sun.management.jmxremote -Dcom.sun.management.jmxremote.port=45619 -Dcom.sun.management.jmxremote.authenticate=false -Dcom.sun.management.jmxremote.ssl=false -Djava.rmi.server.hostname=localhost -Dspring.liveBeansView.mbeanDomain -Dspring.application.admin.enabled=true -javaagent:/home/vladislav/Intellij/Idea/lib/idea_rt.jar=45925:/home/vladislav/Intellij/Idea/bin -Dfile.encoding=UTF-8 
java_command: com.practice.bank.Application
java_class_path (initial): /usr/lib/jvm/java-8-oracle/jre/lib/charsets.jar:/usr/lib/jvm/java-8-oracle/jre/lib/deploy.jar:/usr/lib/jvm/java-8-oracle/jre/lib/ext/cldrdata.jar:/usr/lib/jvm/java-8-oracle/jre/lib/ext/dnsns.jar:/usr/lib/jvm/java-8-oracle/jre/lib/ext/jaccess.jar:/usr/lib/jvm/java-8-oracle/jre/lib/ext/jfxrt.jar:/usr/lib/jvm/java-8-oracle/jre/lib/ext/localedata.jar:/usr/lib/jvm/java-8-oracle/jre/lib/ext/nashorn.jar:/usr/lib/jvm/java-8-oracle/jre/lib/ext/sunec.jar:/usr/lib/jvm/java-8-oracle/jre/lib/ext/sunjce_provider.jar:/usr/lib/jvm/java-8-oracle/jre/lib/ext/sunpkcs11.jar:/usr/lib/jvm/java-8-oracle/jre/lib/ext/zipfs.jar:/usr/lib/jvm/java-8-oracle/jre/lib/javaws.jar:/usr/lib/jvm/java-8-oracle/jre/lib/jce.jar:/usr/lib/jvm/java-8-oracle/jre/lib/jfr.jar:/usr/lib/jvm/java-8-oracle/jre/lib/jfxswt.jar:/usr/lib/jvm/java-8-oracle/jre/lib/jsse.jar:/usr/lib/jvm/java-8-oracle/jre/lib/management-agent.jar:/usr/lib/jvm/java-8-oracle/jre/lib/plugin.jar:/usr/lib/jvm/java-8-oracle/jre/lib/resources.jar:/usr/lib/jvm/java-8-oracle/jre/lib/rt.jar:/home/vladislav/IdeaProjects/Bank/target/classes:/root/.m2/repository/org/springframework/boot/spring-boot-starter-data-jpa/2.0.2.RELEASE/spring-boot-starter-data-jpa-2.0.2.RELEASE.jar:/root/.m2/repository/org/springframework/boot/spring-boot-starter/2.0.2.RELEASE/spring-boot-starter-2.0.2.RELEASE.jar:/root/.m2/repository/org/springframework/boot/spring-boot/2.0.2.RELEASE/spring-boot-2.0.2.RELEASE.jar:/root/.m2/repository/org/springframework/boot/spring-boot-autoconfigure/2.0.2.RELEASE/spring-boot-autoconfigure-2.0.2.RELEASE.jar:/root/.m2/repository/org/springframework/boot/spring-boot-starter-logging/2.0.2.RELEASE/spring-boot-starter-logging-2.0.2.RELEASE.jar:/root/.m2/repository/ch/qos/logback/logback-classic/1.2.3/logback-classic-1.2.3.jar:/root/.m2/repository/ch/qos/logback/logback-core/1.2.3/logback-core-1.2.3.jar:/root/.m2/repository/org/apache/logging/log4j/log4j-to-slf4j/2.10.0/log4j-to-slf4j-2.10.0.jar:/root/.m2/repository/
Launcher Type: SUN_STANDARD

Environment Variables:
PATH=/usr/local/sbin:/usr/local/bin:/usr/sbin:/usr/bin:/sbin:/bin:/usr/games:/usr/local/games
USERNAME=root
SHELL=/bin/bash
DISPLAY=:0

Signal Handlers:
SIGSEGV: [libjvm.so+0xad0890], sa_mask[0]=11111111011111111101111111111110, sa_flags=SA_RESTART|SA_SIGINFO
SIGBUS: [libjvm.so+0xad0890], sa_mask[0]=11111111011111111101111111111110, sa_flags=SA_RESTART|SA_SIGINFO
SIGFPE: [libjvm.so+0x928640], sa_mask[0]=11111111011111111101111111111110, sa_flags=SA_RESTART|SA_SIGINFO
SIGPIPE: [libjvm.so+0x928640], sa_mask[0]=11111111011111111101111111111110, sa_flags=SA_RESTART|SA_SIGINFO
SIGXFSZ: [libjvm.so+0x928640], sa_mask[0]=11111111011111111101111111111110, sa_flags=SA_RESTART|SA_SIGINFO
SIGILL: [libjvm.so+0x928640], sa_mask[0]=11111111011111111101111111111110, sa_flags=SA_RESTART|SA_SIGINFO
SIGUSR1: SIG_DFL, sa_mask[0]=00000000000000000000000000000000, sa_flags=none
SIGUSR2: [libjvm.so+0x929ea0], sa_mask[0]=00100000000000000000000000000000, sa_flags=SA_RESTART|SA_SIGINFO
SIGHUP: [libjvm.so+0x92b2a0], sa_mask[0]=11111111011111111101111111111110, sa_flags=SA_RESTART|SA_SIGINFO
SIGINT: [libjvm.so+0x92b2a0], sa_mask[0]=11111111011111111101111111111110, sa_flags=SA_RESTART|SA_SIGINFO
SIGTERM: [libjvm.so+0x92b2a0], sa_mask[0]=11111111011111111101111111111110, sa_flags=SA_RESTART|SA_SIGINFO
SIGQUIT: [libjvm.so+0x92b2a0], sa_mask[0]=11111111011111111101111111111110, sa_flags=SA_RESTART|SA_SIGINFO


---------------  S Y S T E M  ---------------

OS:DISTRIB_ID=Ubuntu
DISTRIB_RELEASE=18.04
DISTRIB_CODENAME=bionic
DISTRIB_DESCRIPTION="Ubuntu 18.04 LTS"

uname:Linux 4.15.0-22-generic #24-Ubuntu SMP Wed May 16 12:15:17 UTC 2018 x86_64
libc:glibc 2.27 NPTL 2.27 
rlimit: STACK 8192k, CORE 0k, NPROC 15548, NOFILE 1048576, AS infinity
load average:29,97 8,71 3,24

/proc/meminfo:
MemTotal:        4039180 kB
MemFree:           85648 kB
MemAvailable:          0 kB
Buffers:             288 kB
Cached:            80164 kB
SwapCached:         2724 kB
Active:          3120760 kB
Inactive:         628724 kB
Active(anon):    3115436 kB
Inactive(anon):   623236 kB
Active(file):       5324 kB
Inactive(file):     5488 kB
Unevictable:          16 kB
Mlocked:              16 kB
SwapTotal:       2097148 kB
SwapFree:              0 kB
Dirty:                72 kB
Writeback:           192 kB
AnonPages:       3666528 kB
Mapped:            62824 kB
Shmem:             69588 kB
Slab:              81356 kB
SReclaimable:      31052 kB
SUnreclaim:        50304 kB
KernelStack:       17344 kB
PageTables:        64432 kB
NFS_Unstable:          0 kB
Bounce:                0 kB
WritebackTmp:          0 kB
CommitLimit:     4116736 kB
Committed_AS:   12987060 kB
VmallocTotal:   34359738367 kB
VmallocUsed:           0 kB
VmallocChunk:          0 kB
HardwareCorrupted:     0 kB
AnonHugePages:         0 kB
ShmemHugePages:        0 kB
ShmemPmdMapped:        0 kB
CmaTotal:              0 kB
CmaFree:               0 kB
HugePages_Total:       0
HugePages_Free:        0
HugePages_Rsvd:        0
HugePages_Surp:        0
Hugepagesize:       2048 kB
DirectMap4k:      124864 kB
DirectMap2M:     4069376 kB


CPU:total 4 (initial active 4) (4 cores per cpu, 1 threads per core) family 6 model 60 stepping 3, cmov, cx8, fxsr, mmx, sse, sse2, sse3, ssse3, sse4.1, sse4.2, popcnt, avx, aes, clmul, lzcnt, tsc, tscinvbit

/proc/cpuinfo:
processor	: 0
vendor_id	: GenuineIntel
cpu family	: 6
model		: 60
model name	: Intel(R) Core(TM) i7-4790 CPU @ 3.60GHz
stepping	: 3
cpu MHz		: 3591.676
cache size	: 8192 KB
physical id	: 0
siblings	: 4
core id		: 0
cpu cores	: 4
apicid		: 0
initial apicid	: 0
fpu		: yes
fpu_exception	: yes
cpuid level	: 13
wp		: yes
flags		: fpu vme de pse tsc msr pae mce cx8 apic sep mtrr pge mca cmov pat pse36 clflush mmx fxsr sse sse2 ht syscall nx rdtscp lm constant_tsc rep_good nopl xtopology nonstop_tsc cpuid pni pclmulqdq ssse3 cx16 sse4_1 sse4_2 x2apic movbe popcnt aes xsave avx rdrand hypervisor lahf_lm abm pti
bugs		: cpu_meltdown spectre_v1 spectre_v2 spec_store_bypass
bogomips	: 7183.35
clflush size	: 64
cache_alignment	: 64
address sizes	: 39 bits physical, 48 bits virtual
power management:

processor	: 1
vendor_id	: GenuineIntel
cpu family	: 6
model		: 60
model name	: Intel(R) Core(TM) i7-4790 CPU @ 3.60GHz
stepping	: 3
cpu MHz		: 3591.676
cache size	: 8192 KB
physical id	: 0
siblings	: 4
core id		: 1
cpu cores	: 4
apicid		: 1
initial apicid	: 1
fpu		: yes
fpu_exception	: yes
cpuid level	: 13
wp		: yes
flags		: fpu vme de pse tsc msr pae mce cx8 apic sep mtrr pge mca cmov pat pse36 clflush mmx fxsr sse sse2 ht syscall nx rdtscp lm constant_tsc rep_good nopl xtopology nonstop_tsc cpuid pni pclmulqdq ssse3 cx16 sse4_1 sse4_2 x2apic movbe popcnt aes xsave avx rdrand hypervisor lahf_lm abm pti
bugs		: cpu_meltdown spectre_v1 spectre_v2 spec_store_bypass
bogomips	: 7183.35
clflush size	: 64
cache_alignment	: 64
address sizes	: 39 bits physical, 48 bits virtual
power management:

processor	: 2
vendor_id	: GenuineIntel
cpu family	: 6
model		: 60
model name	: Intel(R) Core(TM) i7-4790 CPU @ 3.60GHz
stepping	: 3
cpu MHz		: 3591.676
cache size	: 8192 KB
physical id	: 0
siblings	: 4
core id		: 2
cpu cores	: 4
apicid		: 2
initial apicid	: 2
fpu		: yes
fpu_exception	: yes
cpuid level	: 13
wp		: yes
flags		: fpu vme de pse tsc msr pae mce cx8 apic sep mtrr pge mca cmov pat pse36 clflush mmx fxsr sse sse2 ht syscall nx rdtscp lm constant_tsc rep_good nopl xtopology nonstop_tsc cpuid pni pclmulqdq ssse3 cx16 sse4_1 sse4_2 x2apic movbe popcnt aes xsave avx rdrand hypervisor lahf_lm abm pti
bugs		: cpu_meltdown spectre_v1 spectre_v2 spec_store_bypass
bogomips	: 7183.35
clflush size	: 64
cache_alignment	: 64
address sizes	: 39 bits physical, 48 bits virtual
power management:

processor	: 3
vendor_id	: GenuineIntel
cpu family	: 6
model		: 60
model name	: Intel(R) Core(TM) i7-4790 CPU @ 3.60GHz
stepping	: 3
cpu MHz		: 3591.676
cache size	: 8192 KB
physical id	: 0
siblings	: 4
core id		: 3
cpu cores	: 4
apicid		: 3
initial apicid	: 3
fpu		: yes
fpu_exception	: yes
cpuid level	: 13
wp		: yes
flags		: fpu vme de pse tsc msr pae mce cx8 apic sep mtrr pge mca cmov pat pse36 clflush mmx fxsr sse sse2 ht syscall nx rdtscp lm constant_tsc rep_good nopl xtopology nonstop_tsc cpuid pni pclmulqdq ssse3 cx16 sse4_1 sse4_2 x2apic movbe popcnt aes xsave avx rdrand hypervisor lahf_lm abm pti
bugs		: cpu_meltdown spectre_v1 spectre_v2 spec_store_bypass
bogomips	: 7183.35
clflush size	: 64
cache_alignment	: 64
address sizes	: 39 bits physical, 48 bits virtual
power management:



Memory: 4k page, physical 4039180k(87232k free), swap 2097148k(0k free)

vm_info: Java HotSpot(TM) 64-Bit Server VM (25.171-b11) for linux-amd64 JRE (1.8.0_171-b11), built on Mar 28 2018 17:07:08 by "java_re" with gcc 4.3.0 20080428 (Red Hat 4.3.0-8)

time: Mon Jun 11 15:21:57 2018
elapsed time: 56 seconds (0d 0h 0m 56s)

